This file contains any messages produced by compilers while
running configure, to aid debugging if configure makes a mistake.

It was created by OpenCL ICD Loader configure 2.2.9, which was
generated by GNU Autoconf 2.69.  Invocation command line was

  $ ./configure --enable-shared --prefix=/root/enpower/pocl/ocl-icd/ocl-icd-2.2.9/install

## --------- ##
## Platform. ##
## --------- ##

hostname = odroid
uname -m = armv7l
uname -r = 3.10.96
uname -s = Linux
uname -v = #4 SMP PREEMPT Wed Mar 23 14:45:39 UTC 2016

/usr/bin/uname -p = unknown
/bin/uname -X     = unknown

/bin/arch              = unknown
/usr/bin/arch -k       = unknown
/usr/convex/getsysinfo = unknown
/usr/bin/hostinfo      = unknown
/bin/machine           = unknown
/usr/bin/oslevel       = unknown
/bin/universe          = unknown

PATH: /usr/local/sbin
PATH: /usr/local/bin
PATH: /usr/sbin
PATH: /usr/bin
PATH: /sbin
PATH: /bin
PATH: /usr/games
PATH: /usr/local/games
PATH: /root/enpower/llvm/llvm_37/install/bin
PATH: /root/enpower/llvm/llvm_37/install/bin
PATH: /root/enpower/llvm/llvm_37/install/bin
PATH: /root/enpower/llvm/llvm_37/install/bin
PATH: /root/enpower/llvm/llvm_37/install/bin
PATH: /root/enpower/llvm/llvm_37/install/bin
PATH: /root/enpower/llvm/llvm_37/install/bin
PATH: /root/enpower/pocl/ruby/ruby-2.3.0/install/bin
PATH: /root/enpower/llvm/llvm_37/install/bin
PATH: /root/enpower/pocl/ruby/ruby-2.3.0/install/bin
PATH: /root/enpower/llvm/llvm_37/install/bin
PATH: /root/enpower/pocl/ruby/ruby-2.3.0/install/bin
PATH: /root/enpower/llvm/llvm_37/install/bin


## ----------- ##
## Core tests. ##
## ----------- ##

configure:2340: checking for a BSD-compatible install
configure:2408: result: /usr/bin/install -c
configure:2419: checking whether build environment is sane
configure:2474: result: yes
configure:2625: checking for a thread-safe mkdir -p
configure:2664: result: /bin/mkdir -p
configure:2671: checking for gawk
configure:2687: found /usr/bin/gawk
configure:2698: result: gawk
configure:2709: checking whether make sets $(MAKE)
configure:2731: result: yes
configure:2760: checking whether make supports nested variables
configure:2777: result: yes
configure:2856: checking how to create a pax tar archive
configure:2867: tar --version
tar (GNU tar) 1.27.1
Copyright (C) 2013 Free Software Foundation, Inc.
License GPLv3+: GNU GPL version 3 or later <http://gnu.org/licenses/gpl.html>.
This is free software: you are free to change and redistribute it.
There is NO WARRANTY, to the extent permitted by law.

Written by John Gilmore and Jay Fenlason.
configure:2870: $? = 0
configure:2910: tardir=conftest.dir && eval tar --format=posix -chf - "$tardir" >conftest.tar
configure:2913: $? = 0
configure:2917: tar -xf - <conftest.tar
configure:2920: $? = 0
configure:2922: cat conftest.dir/file
GrepMe
configure:2925: $? = 0
configure:2938: result: gnutar
configure:3001: checking whether make supports nested variables
configure:3018: result: yes
configure:3045: checking for style of include used by make
configure:3073: result: GNU
configure:3144: checking for gcc
configure:3160: found /usr/bin/gcc
configure:3171: result: gcc
configure:3400: checking for C compiler version
configure:3409: gcc --version >&5
gcc (Ubuntu 5.2.1-22ubuntu2) 5.2.1 20151010
Copyright (C) 2015 Free Software Foundation, Inc.
This is free software; see the source for copying conditions.  There is NO
warranty; not even for MERCHANTABILITY or FITNESS FOR A PARTICULAR PURPOSE.

configure:3420: $? = 0
configure:3409: gcc -v >&5
Using built-in specs.
COLLECT_GCC=gcc
COLLECT_LTO_WRAPPER=/usr/lib/gcc/arm-linux-gnueabihf/5/lto-wrapper
Target: arm-linux-gnueabihf
Configured with: ../src/configure -v --with-pkgversion='Ubuntu 5.2.1-22ubuntu2' --with-bugurl=file:///usr/share/doc/gcc-5/README.Bugs --enable-languages=c,ada,c++,java,go,d,fortran,objc,obj-c++ --prefix=/usr --program-suffix=-5 --enable-shared --enable-linker-build-id --libexecdir=/usr/lib --without-included-gettext --enable-threads=posix --libdir=/usr/lib --enable-nls --with-sysroot=/ --enable-clocale=gnu --enable-libstdcxx-debug --enable-libstdcxx-time=yes --with-default-libstdcxx-abi=new --enable-gnu-unique-object --disable-libitm --disable-libquadmath --enable-plugin --with-system-zlib --disable-browser-plugin --enable-java-awt=gtk --enable-gtk-cairo --with-java-home=/usr/lib/jvm/java-1.5.0-gcj-5-armhf/jre --enable-java-home --with-jvm-root-dir=/usr/lib/jvm/java-1.5.0-gcj-5-armhf --with-jvm-jar-dir=/usr/lib/jvm-exports/java-1.5.0-gcj-5-armhf --with-arch-directory=arm --with-ecj-jar=/usr/share/java/eclipse-ecj.jar --enable-objc-gc --enable-multiarch --enable-multilib --disable-sjlj-exceptions --with-arch=armv7-a --with-fpu=vfpv3-d16 --with-float=hard --with-mode=thumb --disable-werror --enable-multilib --enable-checking=release --build=arm-linux-gnueabihf --host=arm-linux-gnueabihf --target=arm-linux-gnueabihf
Thread model: posix
gcc version 5.2.1 20151010 (Ubuntu 5.2.1-22ubuntu2) 
configure:3420: $? = 0
configure:3409: gcc -V >&5
gcc: error: unrecognized command line option '-V'
gcc: fatal error: no input files
compilation terminated.
configure:3420: $? = 1
configure:3409: gcc -qversion >&5
gcc: error: unrecognized command line option '-qversion'
gcc: fatal error: no input files
compilation terminated.
configure:3420: $? = 1
configure:3440: checking whether the C compiler works
configure:3462: gcc    conftest.c  >&5
configure:3466: $? = 0
configure:3514: result: yes
configure:3517: checking for C compiler default output file name
configure:3519: result: a.out
configure:3525: checking for suffix of executables
configure:3532: gcc -o conftest    conftest.c  >&5
configure:3536: $? = 0
configure:3558: result: 
configure:3580: checking whether we are cross compiling
configure:3588: gcc -o conftest    conftest.c  >&5
configure:3592: $? = 0
configure:3599: ./conftest
configure:3603: $? = 0
configure:3618: result: no
configure:3623: checking for suffix of object files
configure:3645: gcc -c   conftest.c >&5
configure:3649: $? = 0
configure:3670: result: o
configure:3674: checking whether we are using the GNU C compiler
configure:3693: gcc -c   conftest.c >&5
configure:3693: $? = 0
configure:3702: result: yes
configure:3711: checking whether gcc accepts -g
configure:3731: gcc -c -g  conftest.c >&5
configure:3731: $? = 0
configure:3772: result: yes
configure:3789: checking for gcc option to accept ISO C89
configure:3852: gcc  -c -g -O2  conftest.c >&5
configure:3852: $? = 0
configure:3865: result: none needed
configure:3890: checking whether gcc understands -c and -o together
configure:3912: gcc -c conftest.c -o conftest2.o
configure:3915: $? = 0
configure:3912: gcc -c conftest.c -o conftest2.o
configure:3915: $? = 0
configure:3927: result: yes
configure:3946: checking dependency style of gcc
configure:4057: result: gcc3
configure:4122: checking for ar
configure:4138: found /usr/bin/ar
configure:4149: result: ar
configure:4175: checking the archiver (ar) interface
configure:4191: gcc -c -g -O2  conftest.c >&5
configure:4191: $? = 0
configure:4193: ar cru libconftest.a conftest.o >&5
ar: `u' modifier ignored since `D' is the default (see `U')
configure:4196: $? = 0
configure:4224: result: ar
configure:4273: checking build system type
configure:4287: result: armv7l-unknown-linux-gnueabihf
configure:4307: checking host system type
configure:4320: result: armv7l-unknown-linux-gnueabihf
configure:4361: checking how to print strings
configure:4388: result: printf
configure:4409: checking for a sed that does not truncate output
configure:4473: result: /bin/sed
configure:4491: checking for grep that handles long lines and -e
configure:4549: result: /bin/grep
configure:4554: checking for egrep
configure:4616: result: /bin/grep -E
configure:4621: checking for fgrep
configure:4683: result: /bin/grep -F
configure:4718: checking for ld used by gcc
configure:4785: result: /usr/bin/ld
configure:4792: checking if the linker (/usr/bin/ld) is GNU ld
configure:4807: result: yes
configure:4819: checking for BSD- or MS-compatible name lister (nm)
configure:4868: result: /usr/bin/nm -B
configure:4998: checking the name lister (/usr/bin/nm -B) interface
configure:5005: gcc -c -g -O2  conftest.c >&5
configure:5008: /usr/bin/nm -B "conftest.o"
configure:5011: output
00000000 B some_variable
configure:5018: result: BSD nm
configure:5021: checking whether ln -s works
configure:5025: result: yes
configure:5033: checking the maximum length of command line arguments
configure:5164: result: 1572864
configure:5181: checking whether the shell understands some XSI constructs
configure:5191: result: yes
configure:5195: checking whether the shell understands "+="
configure:5201: result: yes
configure:5236: checking how to convert armv7l-unknown-linux-gnueabihf file names to armv7l-unknown-linux-gnueabihf format
configure:5276: result: func_convert_file_noop
configure:5283: checking how to convert armv7l-unknown-linux-gnueabihf file names to toolchain format
configure:5303: result: func_convert_file_noop
configure:5310: checking for /usr/bin/ld option to reload object files
configure:5317: result: -r
configure:5391: checking for objdump
configure:5407: found /usr/bin/objdump
configure:5418: result: objdump
configure:5450: checking how to recognize dependent libraries
configure:5648: result: pass_all
configure:5733: checking for dlltool
configure:5763: result: no
configure:5793: checking how to associate runtime and link libraries
configure:5820: result: printf %s\n
configure:5944: checking for archiver @FILE support
configure:5961: gcc -c -g -O2  conftest.c >&5
configure:5961: $? = 0
configure:5964: ar cru libconftest.a @conftest.lst >&5
ar: `u' modifier ignored since `D' is the default (see `U')
configure:5967: $? = 0
configure:5972: ar cru libconftest.a @conftest.lst >&5
ar: `u' modifier ignored since `D' is the default (see `U')
ar: conftest.o: No such file or directory
configure:5975: $? = 1
configure:5987: result: @
configure:6045: checking for strip
configure:6061: found /usr/bin/strip
configure:6072: result: strip
configure:6144: checking for ranlib
configure:6160: found /usr/bin/ranlib
configure:6171: result: ranlib
configure:6273: checking command to parse /usr/bin/nm -B output from gcc object
configure:6393: gcc -c -g -O2  conftest.c >&5
configure:6396: $? = 0
configure:6400: /usr/bin/nm -B conftest.o \| sed -n -e 's/^.*[ ]\([ABCDGIRSTW][ABCDGIRSTW]*\)[ ][ ]*\([_A-Za-z][_A-Za-z0-9]*\)$/\1 \2 \2/p' | sed '/ __gnu_lto/d' \> conftest.nm
configure:6403: $? = 0
configure:6469: gcc -o conftest -g -O2   conftest.c conftstm.o >&5
configure:6472: $? = 0
configure:6510: result: ok
configure:6547: checking for sysroot
configure:6577: result: no
configure:6846: checking for mt
configure:6862: found /bin/mt
configure:6873: result: mt
configure:6896: checking if mt is a manifest tool
configure:6902: mt '-?'
configure:6910: result: no
configure:7552: checking how to run the C preprocessor
configure:7583: gcc -E  conftest.c
configure:7583: $? = 0
configure:7597: gcc -E  conftest.c
conftest.c:11:28: fatal error: ac_nonexistent.h: No such file or directory
compilation terminated.
configure:7597: $? = 1
configure: failed program was:
| /* confdefs.h */
| #define PACKAGE_NAME "OpenCL ICD Loader"
| #define PACKAGE_TARNAME "ocl-icd"
| #define PACKAGE_VERSION "2.2.9"
| #define PACKAGE_STRING "OpenCL ICD Loader 2.2.9"
| #define PACKAGE_BUGREPORT "ocl-icd-devel@lists.forge.imag.fr"
| #define PACKAGE_URL ""
| #define PACKAGE "ocl-icd"
| #define VERSION "2.2.9"
| /* end confdefs.h.  */
| #include <ac_nonexistent.h>
configure:7622: result: gcc -E
configure:7642: gcc -E  conftest.c
configure:7642: $? = 0
configure:7656: gcc -E  conftest.c
conftest.c:11:28: fatal error: ac_nonexistent.h: No such file or directory
compilation terminated.
configure:7656: $? = 1
configure: failed program was:
| /* confdefs.h */
| #define PACKAGE_NAME "OpenCL ICD Loader"
| #define PACKAGE_TARNAME "ocl-icd"
| #define PACKAGE_VERSION "2.2.9"
| #define PACKAGE_STRING "OpenCL ICD Loader 2.2.9"
| #define PACKAGE_BUGREPORT "ocl-icd-devel@lists.forge.imag.fr"
| #define PACKAGE_URL ""
| #define PACKAGE "ocl-icd"
| #define VERSION "2.2.9"
| /* end confdefs.h.  */
| #include <ac_nonexistent.h>
configure:7685: checking for ANSI C header files
configure:7705: gcc -c -g -O2  conftest.c >&5
configure:7705: $? = 0
configure:7778: gcc -o conftest -g -O2   conftest.c  >&5
configure:7778: $? = 0
configure:7778: ./conftest
configure:7778: $? = 0
configure:7789: result: yes
configure:7802: checking for sys/types.h
configure:7802: gcc -c -g -O2  conftest.c >&5
configure:7802: $? = 0
configure:7802: result: yes
configure:7802: checking for sys/stat.h
configure:7802: gcc -c -g -O2  conftest.c >&5
configure:7802: $? = 0
configure:7802: result: yes
configure:7802: checking for stdlib.h
configure:7802: gcc -c -g -O2  conftest.c >&5
configure:7802: $? = 0
configure:7802: result: yes
configure:7802: checking for string.h
configure:7802: gcc -c -g -O2  conftest.c >&5
configure:7802: $? = 0
configure:7802: result: yes
configure:7802: checking for memory.h
configure:7802: gcc -c -g -O2  conftest.c >&5
configure:7802: $? = 0
configure:7802: result: yes
configure:7802: checking for strings.h
configure:7802: gcc -c -g -O2  conftest.c >&5
configure:7802: $? = 0
configure:7802: result: yes
configure:7802: checking for inttypes.h
configure:7802: gcc -c -g -O2  conftest.c >&5
configure:7802: $? = 0
configure:7802: result: yes
configure:7802: checking for stdint.h
configure:7802: gcc -c -g -O2  conftest.c >&5
configure:7802: $? = 0
configure:7802: result: yes
configure:7802: checking for unistd.h
configure:7802: gcc -c -g -O2  conftest.c >&5
configure:7802: $? = 0
configure:7802: result: yes
configure:7816: checking for dlfcn.h
configure:7816: gcc -c -g -O2  conftest.c >&5
configure:7816: $? = 0
configure:7816: result: yes
configure:8021: checking for objdir
configure:8036: result: .libs
configure:8307: checking if gcc supports -fno-rtti -fno-exceptions
configure:8325: gcc -c -g -O2  -fno-rtti -fno-exceptions conftest.c >&5
cc1: warning: command line option '-fno-rtti' is valid for C++/ObjC++ but not for C
configure:8329: $? = 0
configure:8342: result: no
configure:8669: checking for gcc option to produce PIC
configure:8676: result: -fPIC -DPIC
configure:8684: checking if gcc PIC flag -fPIC -DPIC works
configure:8702: gcc -c -g -O2  -fPIC -DPIC -DPIC conftest.c >&5
configure:8706: $? = 0
configure:8719: result: yes
configure:8748: checking if gcc static flag -static works
configure:8776: result: yes
configure:8791: checking if gcc supports -c -o file.o
configure:8812: gcc -c -g -O2  -o out/conftest2.o conftest.c >&5
configure:8816: $? = 0
configure:8838: result: yes
configure:8846: checking if gcc supports -c -o file.o
configure:8893: result: yes
configure:8926: checking whether the gcc linker (/usr/bin/ld) supports shared libraries
configure:10083: result: yes
configure:10120: checking whether -lc should be explicitly linked in
configure:10128: gcc -c -g -O2  conftest.c >&5
configure:10131: $? = 0
configure:10146: gcc -shared  -fPIC -DPIC conftest.o  -v -Wl,-soname -Wl,conftest -o conftest 2\>\&1 \| /bin/grep  -lc  \>/dev/null 2\>\&1
configure:10149: $? = 0
configure:10163: result: no
configure:10323: checking dynamic linker characteristics
configure:10823: gcc -o conftest -g -O2   -Wl,-rpath -Wl,/foo conftest.c  >&5
configure:10823: $? = 0
configure:11057: result: GNU/Linux ld.so
configure:11164: checking how to hardcode library paths into programs
configure:11189: result: immediate
configure:11729: checking whether stripping libraries is possible
configure:11734: result: yes
configure:11769: checking if libtool supports shared libraries
configure:11771: result: yes
configure:11774: checking whether to build shared libraries
configure:11795: result: yes
configure:11798: checking whether to build static libraries
configure:11802: result: no
configure:11852: checking for gcc option to accept ISO C89
configure:11928: result: none needed
configure:11944: checking whether ln -s works
configure:11948: result: yes
configure:11959: checking for asciidoc
configure:11992: result: no
configure:11999: checking for a2x
configure:12032: result: no
configure:12039: checking for xmlto
configure:12072: result: no
configure:12090: checking for dlopen in -ldl
configure:12115: gcc -o conftest -g -O2   conftest.c -ldl   >&5
configure:12115: $? = 0
configure:12124: result: yes
configure:12140: checking for stdlib.h
configure:12140: result: yes
configure:12140: checking for string.h
configure:12140: result: yes
configure:12161: checking CL/opencl.h usability
configure:12161: gcc -c -g -O2  conftest.c >&5
configure:12161: $? = 0
configure:12161: result: yes
configure:12161: checking CL/opencl.h presence
configure:12161: gcc -E  conftest.c
configure:12161: $? = 0
configure:12161: result: yes
configure:12161: checking for CL/opencl.h
configure:12161: result: yes
configure:12170: checking whether OpenCL headers 2.1 are available
configure:12194: gcc -E  conftest.c
conftest.c:35:4: error: #error Cannot find CL_VERSION_2_1 symbol
 #  error Cannot find CL_VERSION_2_1 symbol
    ^
configure:12194: $? = 1
configure: failed program was:
| /* confdefs.h */
| #define PACKAGE_NAME "OpenCL ICD Loader"
| #define PACKAGE_TARNAME "ocl-icd"
| #define PACKAGE_VERSION "2.2.9"
| #define PACKAGE_STRING "OpenCL ICD Loader 2.2.9"
| #define PACKAGE_BUGREPORT "ocl-icd-devel@lists.forge.imag.fr"
| #define PACKAGE_URL ""
| #define PACKAGE "ocl-icd"
| #define VERSION "2.2.9"
| #define STDC_HEADERS 1
| #define HAVE_SYS_TYPES_H 1
| #define HAVE_SYS_STAT_H 1
| #define HAVE_STDLIB_H 1
| #define HAVE_STRING_H 1
| #define HAVE_MEMORY_H 1
| #define HAVE_STRINGS_H 1
| #define HAVE_INTTYPES_H 1
| #define HAVE_STDINT_H 1
| #define HAVE_UNISTD_H 1
| #define HAVE_DLFCN_H 1
| #define LT_OBJDIR ".libs/"
| #define OCL_ICD_OPENCL_VERSION "2.1"
| #define HAVE_LIBDL 1
| #define HAVE_STDLIB_H 1
| #define HAVE_STRING_H 1
| /* end confdefs.h.  */
| 
| 
| #if defined(__APPLE__) || defined(__MACOSX)
| #  include <OpenCL/opencl.h>
| #else
| #  include <CL/opencl.h>
| #endif
| #ifndef CL_VERSION_2_1
| #  error Cannot find CL_VERSION_2_1 symbol
| #endif
| 
| int
| main ()
| {
| 
| 
|   ;
|   return 0;
| }
configure:12201: result: no
configure:12210: checking for inline
configure:12226: gcc -c -g -O2  conftest.c >&5
configure:12226: $? = 0
configure:12234: result: inline
configure:12252: checking for size_t
configure:12252: gcc -c -g -O2  conftest.c >&5
configure:12252: $? = 0
configure:12252: gcc -c -g -O2  conftest.c >&5
conftest.c: In function 'main':
conftest.c:63:21: error: expected expression before ')' token
 if (sizeof ((size_t)))
                     ^
configure:12252: $? = 1
configure: failed program was:
| /* confdefs.h */
| #define PACKAGE_NAME "OpenCL ICD Loader"
| #define PACKAGE_TARNAME "ocl-icd"
| #define PACKAGE_VERSION "2.2.9"
| #define PACKAGE_STRING "OpenCL ICD Loader 2.2.9"
| #define PACKAGE_BUGREPORT "ocl-icd-devel@lists.forge.imag.fr"
| #define PACKAGE_URL ""
| #define PACKAGE "ocl-icd"
| #define VERSION "2.2.9"
| #define STDC_HEADERS 1
| #define HAVE_SYS_TYPES_H 1
| #define HAVE_SYS_STAT_H 1
| #define HAVE_STDLIB_H 1
| #define HAVE_STRING_H 1
| #define HAVE_MEMORY_H 1
| #define HAVE_STRINGS_H 1
| #define HAVE_INTTYPES_H 1
| #define HAVE_STDINT_H 1
| #define HAVE_UNISTD_H 1
| #define HAVE_DLFCN_H 1
| #define LT_OBJDIR ".libs/"
| #define OCL_ICD_OPENCL_VERSION "2.1"
| #define HAVE_LIBDL 1
| #define HAVE_STDLIB_H 1
| #define HAVE_STRING_H 1
| /* end confdefs.h.  */
| #include <stdio.h>
| #ifdef HAVE_SYS_TYPES_H
| # include <sys/types.h>
| #endif
| #ifdef HAVE_SYS_STAT_H
| # include <sys/stat.h>
| #endif
| #ifdef STDC_HEADERS
| # include <stdlib.h>
| # include <stddef.h>
| #else
| # ifdef HAVE_STDLIB_H
| #  include <stdlib.h>
| # endif
| #endif
| #ifdef HAVE_STRING_H
| # if !defined STDC_HEADERS && defined HAVE_MEMORY_H
| #  include <memory.h>
| # endif
| # include <string.h>
| #endif
| #ifdef HAVE_STRINGS_H
| # include <strings.h>
| #endif
| #ifdef HAVE_INTTYPES_H
| # include <inttypes.h>
| #endif
| #ifdef HAVE_STDINT_H
| # include <stdint.h>
| #endif
| #ifdef HAVE_UNISTD_H
| # include <unistd.h>
| #endif
| int
| main ()
| {
| if (sizeof ((size_t)))
| 	    return 0;
|   ;
|   return 0;
| }
configure:12252: result: yes
configure:12263: checking for an ANSI C-conforming const
configure:12329: gcc -c -g -O2  conftest.c >&5
configure:12329: $? = 0
configure:12336: result: yes
configure:12346: checking whether C compiler accepts -Wno-deprecated-declarations
configure:12365: gcc -c -Wno-deprecated-declarations  conftest.c >&5
configure:12365: $? = 0
configure:12375: result: yes
configure:12388: checking for stdlib.h
configure:12388: result: yes
configure:12398: checking for GNU libc compatible malloc
configure:12422: gcc -o conftest -g -O2   conftest.c -ldl  >&5
configure:12422: $? = 0
configure:12422: ./conftest
configure:12422: $? = 0
configure:12432: result: yes
configure:12455: checking for stdlib.h
configure:12455: result: yes
configure:12465: checking for GNU libc compatible realloc
configure:12489: gcc -o conftest -g -O2   conftest.c -ldl  >&5
configure:12489: $? = 0
configure:12489: ./conftest
configure:12489: $? = 0
configure:12499: result: yes
configure:12522: checking for strstr
configure:12522: gcc -o conftest -g -O2   conftest.c -ldl  >&5
conftest.c:54:6: warning: conflicting types for built-in function 'strstr'
 char strstr ();
      ^
configure:12522: $? = 0
configure:12522: result: yes
configure:12971: using internal copy of OpenCL headers
configure:13129: checking that generated files are newer than configure
configure:13135: result: done
configure:13170: creating ./config.status

## ---------------------- ##
## Running config.status. ##
## ---------------------- ##

This file was extended by OpenCL ICD Loader config.status 2.2.9, which was
generated by GNU Autoconf 2.69.  Invocation command line was

  CONFIG_FILES    = 
  CONFIG_HEADERS  = 
  CONFIG_LINKS    = 
  CONFIG_COMMANDS = 
  $ ./config.status 

on odroid

config.status:1113: creating Makefile
config.status:1113: creating doc/Makefile
config.status:1113: creating tests/Makefile
config.status:1113: creating OpenCL.pc
config.status:1113: creating ocl-icd.pc
config.status:1113: creating tests/atlocal
config.status:1113: creating config.h
config.status:1294: config.h is unchanged
config.status:1342: executing depfiles commands
config.status:1342: executing libtool commands
config.status:1342: executing tests/atconfig commands

## ---------------- ##
## Cache variables. ##
## ---------------- ##

ac_cv_build=armv7l-unknown-linux-gnueabihf
ac_cv_c_compiler_gnu=yes
ac_cv_c_const=yes
ac_cv_c_inline=inline
ac_cv_env_CC_set=
ac_cv_env_CC_value=
ac_cv_env_CFLAGS_set=
ac_cv_env_CFLAGS_value=
ac_cv_env_CPPFLAGS_set=
ac_cv_env_CPPFLAGS_value=
ac_cv_env_CPP_set=
ac_cv_env_CPP_value=
ac_cv_env_LDFLAGS_set=
ac_cv_env_LDFLAGS_value=
ac_cv_env_LIBS_set=
ac_cv_env_LIBS_value=
ac_cv_env_build_alias_set=
ac_cv_env_build_alias_value=
ac_cv_env_host_alias_set=
ac_cv_env_host_alias_value=
ac_cv_env_target_alias_set=
ac_cv_env_target_alias_value=
ac_cv_func_malloc_0_nonnull=yes
ac_cv_func_realloc_0_nonnull=yes
ac_cv_func_strstr=yes
ac_cv_header_CL_opencl_h=yes
ac_cv_header_dlfcn_h=yes
ac_cv_header_inttypes_h=yes
ac_cv_header_memory_h=yes
ac_cv_header_stdc=yes
ac_cv_header_stdint_h=yes
ac_cv_header_stdlib_h=yes
ac_cv_header_string_h=yes
ac_cv_header_strings_h=yes
ac_cv_header_sys_stat_h=yes
ac_cv_header_sys_types_h=yes
ac_cv_header_unistd_h=yes
ac_cv_host=armv7l-unknown-linux-gnueabihf
ac_cv_lib_dl_dlopen=yes
ac_cv_objext=o
ac_cv_path_EGREP='/bin/grep -E'
ac_cv_path_FGREP='/bin/grep -F'
ac_cv_path_GREP=/bin/grep
ac_cv_path_SED=/bin/sed
ac_cv_path_install='/usr/bin/install -c'
ac_cv_path_mkdir=/bin/mkdir
ac_cv_prog_AWK=gawk
ac_cv_prog_CPP='gcc -E'
ac_cv_prog_ac_ct_AR=ar
ac_cv_prog_ac_ct_CC=gcc
ac_cv_prog_ac_ct_MANIFEST_TOOL=mt
ac_cv_prog_ac_ct_OBJDUMP=objdump
ac_cv_prog_ac_ct_RANLIB=ranlib
ac_cv_prog_ac_ct_STRIP=strip
ac_cv_prog_cc_c89=
ac_cv_prog_cc_g=yes
ac_cv_prog_make_make_set=yes
ac_cv_type_size_t=yes
am_cv_CC_dependencies_compiler_type=gcc3
am_cv_ar_interface=ar
am_cv_make_support_nested_variables=yes
am_cv_prog_cc_c_o=yes
am_cv_prog_tar_pax=gnutar
ax_cv_c_flags__Wno_deprecated_declarations=yes
lt_cv_ar_at_file=@
lt_cv_archive_cmds_need_lc=no
lt_cv_deplibs_check_method=pass_all
lt_cv_file_magic_cmd='$MAGIC_CMD'
lt_cv_file_magic_test_file=
lt_cv_ld_reload_flag=-r
lt_cv_nm_interface='BSD nm'
lt_cv_objdir=.libs
lt_cv_path_LD=/usr/bin/ld
lt_cv_path_NM='/usr/bin/nm -B'
lt_cv_path_mainfest_tool=no
lt_cv_prog_compiler_c_o=yes
lt_cv_prog_compiler_pic='-fPIC -DPIC'
lt_cv_prog_compiler_pic_works=yes
lt_cv_prog_compiler_rtti_exceptions=no
lt_cv_prog_compiler_static_works=yes
lt_cv_prog_gnu_ld=yes
lt_cv_sharedlib_from_linklib_cmd='printf %s\n'
lt_cv_shlibpath_overrides_runpath=no
lt_cv_sys_global_symbol_pipe='sed -n -e '\''s/^.*[	 ]\([ABCDGIRSTW][ABCDGIRSTW]*\)[	 ][	 ]*\([_A-Za-z][_A-Za-z0-9]*\)$/\1 \2 \2/p'\'' | sed '\''/ __gnu_lto/d'\'''
lt_cv_sys_global_symbol_to_c_name_address='sed -n -e '\''s/^: \([^ ]*\)[ ]*$/  {\"\1\", (void *) 0},/p'\'' -e '\''s/^[ABCDGIRSTW]* \([^ ]*\) \([^ ]*\)$/  {"\2", (void *) \&\2},/p'\'''
lt_cv_sys_global_symbol_to_c_name_address_lib_prefix='sed -n -e '\''s/^: \([^ ]*\)[ ]*$/  {\"\1\", (void *) 0},/p'\'' -e '\''s/^[ABCDGIRSTW]* \([^ ]*\) \(lib[^ ]*\)$/  {"\2", (void *) \&\2},/p'\'' -e '\''s/^[ABCDGIRSTW]* \([^ ]*\) \([^ ]*\)$/  {"lib\2", (void *) \&\2},/p'\'''
lt_cv_sys_global_symbol_to_cdecl='sed -n -e '\''s/^T .* \(.*\)$/extern int \1();/p'\'' -e '\''s/^[ABCDGIRSTW]* .* \(.*\)$/extern char \1;/p'\'''
lt_cv_sys_max_cmd_len=1572864
lt_cv_to_host_file_cmd=func_convert_file_noop
lt_cv_to_tool_file_cmd=func_convert_file_noop

## ----------------- ##
## Output variables. ##
## ----------------- ##

A2X=''
ACLOCAL='${SHELL} /root/enpower/pocl/ocl-icd/ocl-icd-2.2.9/build-aux/missing aclocal-1.15'
AMDEPBACKSLASH='\'
AMDEP_FALSE='#'
AMDEP_TRUE=''
AMTAR='$${TAR-tar}'
AM_BACKSLASH='\'
AM_CPPFLAGS=' -I${abs_top_srcdir}/khronos-headers'
AM_DEFAULT_V='$(AM_DEFAULT_VERBOSITY)'
AM_DEFAULT_VERBOSITY='1'
AM_V='$(V)'
AR='ar'
ASCIIDOC=''
AUTOCONF='${SHELL} /root/enpower/pocl/ocl-icd/ocl-icd-2.2.9/build-aux/missing autoconf'
AUTOHEADER='${SHELL} /root/enpower/pocl/ocl-icd/ocl-icd-2.2.9/build-aux/missing autoheader'
AUTOMAKE='${SHELL} /root/enpower/pocl/ocl-icd/ocl-icd-2.2.9/build-aux/missing automake-1.15'
AWK='gawk'
CC='gcc'
CCDEPMODE='depmode=gcc3'
CFLAGS='-g -O2'
CPP='gcc -E'
CPPFLAGS=''
CYGPATH_W='echo'
DEFS='-DHAVE_CONFIG_H'
DEPDIR='.deps'
DLLTOOL='false'
DSYMUTIL=''
DUMPBIN=''
ECHO_C=''
ECHO_N='-n'
ECHO_T=''
EGREP='/bin/grep -E'
EXEEXT=''
FGREP='/bin/grep -F'
GEN_DOC_FALSE=''
GEN_DOC_TRUE='#'
GREP='/bin/grep'
INSTALL_DATA='${INSTALL} -m 644'
INSTALL_PROGRAM='${INSTALL}'
INSTALL_SCRIPT='${INSTALL}'
INSTALL_STRIP_PROGRAM='$(install_sh) -c -s'
LD='/usr/bin/ld'
LDFLAGS=''
LIBOBJS=''
LIBS='-ldl '
LIBTOOL='$(SHELL) $(top_builddir)/libtool'
LIPO=''
LN_S='ln -s'
LTLIBOBJS=''
MAKEINFO='${SHELL} /root/enpower/pocl/ocl-icd/ocl-icd-2.2.9/build-aux/missing makeinfo'
MANIFEST_TOOL=':'
MKDIR_P='/bin/mkdir -p'
NM='/usr/bin/nm -B'
NMEDIT=''
NO_DEPRECATED_DECLARATIONS_FLAGS='-Wno-deprecated-declarations'
OBJDUMP='objdump'
OBJEXT='o'
OPENCL_VERSION='2.1'
OTOOL64=''
OTOOL=''
PACKAGE='ocl-icd'
PACKAGE_BUGREPORT='ocl-icd-devel@lists.forge.imag.fr'
PACKAGE_NAME='OpenCL ICD Loader'
PACKAGE_STRING='OpenCL ICD Loader 2.2.9'
PACKAGE_TARNAME='ocl-icd'
PACKAGE_URL=''
PACKAGE_VERSION='2.2.9'
PATH_SEPARATOR=':'
PTHREAD_CC=''
PTHREAD_CFLAGS=''
PTHREAD_LIBS=''
RANLIB='ranlib'
SED='/bin/sed'
SET_MAKE=''
SHELL='/bin/bash'
STRIP='strip'
UPDATE_DATABASE_FALSE=''
UPDATE_DATABASE_TRUE='#'
USE_MAP_FALSE='#'
USE_MAP_TRUE=''
VERSION='2.2.9'
XMLTO=''
ac_ct_AR='ar'
ac_ct_CC='gcc'
ac_ct_DUMPBIN=''
am__EXEEXT_FALSE=''
am__EXEEXT_TRUE='#'
am__fastdepCC_FALSE='#'
am__fastdepCC_TRUE=''
am__include='include'
am__isrc=''
am__leading_dot='.'
am__nodep='_no'
am__quote=''
am__tar='tar --format=posix -chf - "$$tardir"'
am__untar='tar -xf -'
ax_pthread_config=''
bindir='${exec_prefix}/bin'
build='armv7l-unknown-linux-gnueabihf'
build_alias=''
build_cpu='armv7l'
build_os='linux-gnueabihf'
build_vendor='unknown'
datadir='${datarootdir}'
datarootdir='${prefix}/share'
docdir='${datarootdir}/doc/${PACKAGE_TARNAME}'
dvidir='${docdir}'
exec_prefix='${prefix}'
host='armv7l-unknown-linux-gnueabihf'
host_alias=''
host_cpu='armv7l'
host_os='linux-gnueabihf'
host_vendor='unknown'
htmldir='${docdir}'
includedir='${prefix}/include'
infodir='${datarootdir}/info'
install_sh='${SHELL} /root/enpower/pocl/ocl-icd/ocl-icd-2.2.9/build-aux/install-sh'
libdir='${exec_prefix}/lib'
libexecdir='${exec_prefix}/libexec'
localedir='${datarootdir}/locale'
localstatedir='${prefix}/var'
mandir='${datarootdir}/man'
mkdir_p='$(MKDIR_P)'
oldincludedir='/usr/include'
pdfdir='${docdir}'
prefix='/root/enpower/pocl/ocl-icd/ocl-icd-2.2.9/install'
program_transform_name='s,x,x,'
psdir='${docdir}'
sbindir='${exec_prefix}/sbin'
sharedstatedir='${prefix}/com'
sysconfdir='${prefix}/etc'
target_alias=''

## ----------- ##
## confdefs.h. ##
## ----------- ##

/* confdefs.h */
#define PACKAGE_NAME "OpenCL ICD Loader"
#define PACKAGE_TARNAME "ocl-icd"
#define PACKAGE_VERSION "2.2.9"
#define PACKAGE_STRING "OpenCL ICD Loader 2.2.9"
#define PACKAGE_BUGREPORT "ocl-icd-devel@lists.forge.imag.fr"
#define PACKAGE_URL ""
#define PACKAGE "ocl-icd"
#define VERSION "2.2.9"
#define STDC_HEADERS 1
#define HAVE_SYS_TYPES_H 1
#define HAVE_SYS_STAT_H 1
#define HAVE_STDLIB_H 1
#define HAVE_STRING_H 1
#define HAVE_MEMORY_H 1
#define HAVE_STRINGS_H 1
#define HAVE_INTTYPES_H 1
#define HAVE_STDINT_H 1
#define HAVE_UNISTD_H 1
#define HAVE_DLFCN_H 1
#define LT_OBJDIR ".libs/"
#define OCL_ICD_OPENCL_VERSION "2.1"
#define HAVE_LIBDL 1
#define HAVE_STDLIB_H 1
#define HAVE_STRING_H 1
#define HAVE_STDLIB_H 1
#define HAVE_MALLOC 1
#define HAVE_STDLIB_H 1
#define HAVE_REALLOC 1
#define HAVE_STRSTR 1
#define DEBUG_OCL_ICD 1

configure: exit 0
