This file contains any messages produced by compilers while
running configure, to aid debugging if configure makes a mistake.

It was created by OpenCL ICD Loader configure 2.2.9, which was
generated by GNU Autoconf 2.69.  Invocation command line was

  $ ../configure --enable-shared --prefix=/root/enpower/pocl/ocl-icd/ocl-icd-2.2.9/install

## --------- ##
## Platform. ##
## --------- ##

hostname = odroid
uname -m = armv7l
uname -r = 3.10.96+
uname -s = Linux
uname -v = #2 SMP PREEMPT Tue Mar 29 00:54:48 UTC 2016

/usr/bin/uname -p = unknown
/bin/uname -X     = unknown

/bin/arch              = unknown
/usr/bin/arch -k       = unknown
/usr/convex/getsysinfo = unknown
/usr/bin/hostinfo      = unknown
/bin/machine           = unknown
/usr/bin/oslevel       = unknown
/bin/universe          = unknown

PATH: /usr/local/sbin
PATH: /usr/local/bin
PATH: /usr/sbin
PATH: /usr/bin
PATH: /sbin
PATH: /bin
PATH: /usr/games
PATH: /usr/local/games
PATH: /root/enpower/llvm/llvm_37/install/bin
PATH: /root/enpower/pocl/pocl-git-icd/install/bin


## ----------- ##
## Core tests. ##
## ----------- ##

configure:2352: checking for a BSD-compatible install
configure:2420: result: /usr/bin/install -c
configure:2431: checking whether build environment is sane
configure:2486: result: yes
configure:2637: checking for a thread-safe mkdir -p
configure:2676: result: /bin/mkdir -p
configure:2683: checking for gawk
configure:2699: found /usr/bin/gawk
configure:2710: result: gawk
configure:2721: checking whether make sets $(MAKE)
configure:2743: result: yes
configure:2772: checking whether make supports nested variables
configure:2789: result: yes
configure:2868: checking how to create a pax tar archive
configure:2879: tar --version
tar (GNU tar) 1.27.1
Copyright (C) 2013 Free Software Foundation, Inc.
License GPLv3+: GNU GPL version 3 or later <http://gnu.org/licenses/gpl.html>.
This is free software: you are free to change and redistribute it.
There is NO WARRANTY, to the extent permitted by law.

Written by John Gilmore and Jay Fenlason.
configure:2882: $? = 0
configure:2922: tardir=conftest.dir && eval tar --format=posix -chf - "$tardir" >conftest.tar
configure:2925: $? = 0
configure:2929: tar -xf - <conftest.tar
configure:2932: $? = 0
configure:2934: cat conftest.dir/file
GrepMe
configure:2937: $? = 0
configure:2950: result: gnutar
configure:3013: checking whether make supports nested variables
configure:3030: result: yes
configure:3057: checking for style of include used by make
configure:3085: result: GNU
configure:3156: checking for gcc
configure:3172: found /usr/bin/gcc
configure:3183: result: gcc
configure:3412: checking for C compiler version
configure:3421: gcc --version >&5
gcc (Ubuntu 5.2.1-22ubuntu2) 5.2.1 20151010
Copyright (C) 2015 Free Software Foundation, Inc.
This is free software; see the source for copying conditions.  There is NO
warranty; not even for MERCHANTABILITY or FITNESS FOR A PARTICULAR PURPOSE.

configure:3432: $? = 0
configure:3421: gcc -v >&5
Using built-in specs.
COLLECT_GCC=gcc
COLLECT_LTO_WRAPPER=/usr/lib/gcc/arm-linux-gnueabihf/5/lto-wrapper
Target: arm-linux-gnueabihf
Configured with: ../src/configure -v --with-pkgversion='Ubuntu 5.2.1-22ubuntu2' --with-bugurl=file:///usr/share/doc/gcc-5/README.Bugs --enable-languages=c,ada,c++,java,go,d,fortran,objc,obj-c++ --prefix=/usr --program-suffix=-5 --enable-shared --enable-linker-build-id --libexecdir=/usr/lib --without-included-gettext --enable-threads=posix --libdir=/usr/lib --enable-nls --with-sysroot=/ --enable-clocale=gnu --enable-libstdcxx-debug --enable-libstdcxx-time=yes --with-default-libstdcxx-abi=new --enable-gnu-unique-object --disable-libitm --disable-libquadmath --enable-plugin --with-system-zlib --disable-browser-plugin --enable-java-awt=gtk --enable-gtk-cairo --with-java-home=/usr/lib/jvm/java-1.5.0-gcj-5-armhf/jre --enable-java-home --with-jvm-root-dir=/usr/lib/jvm/java-1.5.0-gcj-5-armhf --with-jvm-jar-dir=/usr/lib/jvm-exports/java-1.5.0-gcj-5-armhf --with-arch-directory=arm --with-ecj-jar=/usr/share/java/eclipse-ecj.jar --enable-objc-gc --enable-multiarch --enable-multilib --disable-sjlj-exceptions --with-arch=armv7-a --with-fpu=vfpv3-d16 --with-float=hard --with-mode=thumb --disable-werror --enable-multilib --enable-checking=release --build=arm-linux-gnueabihf --host=arm-linux-gnueabihf --target=arm-linux-gnueabihf
Thread model: posix
gcc version 5.2.1 20151010 (Ubuntu 5.2.1-22ubuntu2) 
configure:3432: $? = 0
configure:3421: gcc -V >&5
gcc: error: unrecognized command line option '-V'
gcc: fatal error: no input files
compilation terminated.
configure:3432: $? = 1
configure:3421: gcc -qversion >&5
gcc: error: unrecognized command line option '-qversion'
gcc: fatal error: no input files
compilation terminated.
configure:3432: $? = 1
configure:3452: checking whether the C compiler works
configure:3474: gcc    conftest.c  >&5
configure:3478: $? = 0
configure:3526: result: yes
configure:3529: checking for C compiler default output file name
configure:3531: result: a.out
configure:3537: checking for suffix of executables
configure:3544: gcc -o conftest    conftest.c  >&5
configure:3548: $? = 0
configure:3570: result: 
configure:3592: checking whether we are cross compiling
configure:3600: gcc -o conftest    conftest.c  >&5
configure:3604: $? = 0
configure:3611: ./conftest
configure:3615: $? = 0
configure:3630: result: no
configure:3635: checking for suffix of object files
configure:3657: gcc -c   conftest.c >&5
configure:3661: $? = 0
configure:3682: result: o
configure:3686: checking whether we are using the GNU C compiler
configure:3705: gcc -c   conftest.c >&5
configure:3705: $? = 0
configure:3714: result: yes
configure:3723: checking whether gcc accepts -g
configure:3743: gcc -c -g  conftest.c >&5
configure:3743: $? = 0
configure:3784: result: yes
configure:3801: checking for gcc option to accept ISO C89
configure:3864: gcc  -c -g -O2  conftest.c >&5
configure:3864: $? = 0
configure:3877: result: none needed
configure:3902: checking whether gcc understands -c and -o together
configure:3924: gcc -c conftest.c -o conftest2.o
configure:3927: $? = 0
configure:3924: gcc -c conftest.c -o conftest2.o
configure:3927: $? = 0
configure:3939: result: yes
configure:3958: checking dependency style of gcc
configure:4069: result: gcc3
configure:4134: checking for ar
configure:4150: found /usr/bin/ar
configure:4161: result: ar
configure:4187: checking the archiver (ar) interface
configure:4203: gcc -c -g -O2  conftest.c >&5
configure:4203: $? = 0
configure:4205: ar cru libconftest.a conftest.o >&5
ar: `u' modifier ignored since `D' is the default (see `U')
configure:4208: $? = 0
configure:4236: result: ar
configure:4285: checking build system type
configure:4299: result: armv7l-unknown-linux-gnueabihf
configure:4319: checking host system type
configure:4332: result: armv7l-unknown-linux-gnueabihf
configure:4373: checking how to print strings
configure:4400: result: printf
configure:4421: checking for a sed that does not truncate output
configure:4485: result: /bin/sed
configure:4503: checking for grep that handles long lines and -e
configure:4561: result: /bin/grep
configure:4566: checking for egrep
configure:4628: result: /bin/grep -E
configure:4633: checking for fgrep
configure:4695: result: /bin/grep -F
configure:4730: checking for ld used by gcc
configure:4797: result: /usr/bin/ld
configure:4804: checking if the linker (/usr/bin/ld) is GNU ld
configure:4819: result: yes
configure:4831: checking for BSD- or MS-compatible name lister (nm)
configure:4880: result: /usr/bin/nm -B
configure:5010: checking the name lister (/usr/bin/nm -B) interface
configure:5017: gcc -c -g -O2  conftest.c >&5
configure:5020: /usr/bin/nm -B "conftest.o"
configure:5023: output
00000000 B some_variable
configure:5030: result: BSD nm
configure:5033: checking whether ln -s works
configure:5037: result: yes
configure:5045: checking the maximum length of command line arguments
configure:5176: result: 1572864
configure:5193: checking whether the shell understands some XSI constructs
configure:5203: result: yes
configure:5207: checking whether the shell understands "+="
configure:5213: result: yes
configure:5248: checking how to convert armv7l-unknown-linux-gnueabihf file names to armv7l-unknown-linux-gnueabihf format
configure:5288: result: func_convert_file_noop
configure:5295: checking how to convert armv7l-unknown-linux-gnueabihf file names to toolchain format
configure:5315: result: func_convert_file_noop
configure:5322: checking for /usr/bin/ld option to reload object files
configure:5329: result: -r
configure:5403: checking for objdump
configure:5419: found /usr/bin/objdump
configure:5430: result: objdump
configure:5462: checking how to recognize dependent libraries
configure:5660: result: pass_all
configure:5745: checking for dlltool
configure:5775: result: no
configure:5805: checking how to associate runtime and link libraries
configure:5832: result: printf %s\n
configure:5956: checking for archiver @FILE support
configure:5973: gcc -c -g -O2  conftest.c >&5
configure:5973: $? = 0
configure:5976: ar cru libconftest.a @conftest.lst >&5
ar: `u' modifier ignored since `D' is the default (see `U')
configure:5979: $? = 0
configure:5984: ar cru libconftest.a @conftest.lst >&5
ar: `u' modifier ignored since `D' is the default (see `U')
ar: conftest.o: No such file or directory
configure:5987: $? = 1
configure:5999: result: @
configure:6057: checking for strip
configure:6073: found /usr/bin/strip
configure:6084: result: strip
configure:6156: checking for ranlib
configure:6172: found /usr/bin/ranlib
configure:6183: result: ranlib
configure:6285: checking command to parse /usr/bin/nm -B output from gcc object
configure:6405: gcc -c -g -O2  conftest.c >&5
configure:6408: $? = 0
configure:6412: /usr/bin/nm -B conftest.o \| sed -n -e 's/^.*[ ]\([ABCDGIRSTW][ABCDGIRSTW]*\)[ ][ ]*\([_A-Za-z][_A-Za-z0-9]*\)$/\1 \2 \2/p' | sed '/ __gnu_lto/d' \> conftest.nm
configure:6415: $? = 0
configure:6481: gcc -o conftest -g -O2   conftest.c conftstm.o >&5
configure:6484: $? = 0
configure:6522: result: ok
configure:6559: checking for sysroot
configure:6589: result: no
configure:6858: checking for mt
configure:6874: found /bin/mt
configure:6885: result: mt
configure:6908: checking if mt is a manifest tool
configure:6914: mt '-?'
configure:6922: result: no
configure:7564: checking how to run the C preprocessor
configure:7595: gcc -E  conftest.c
configure:7595: $? = 0
configure:7609: gcc -E  conftest.c
conftest.c:11:28: fatal error: ac_nonexistent.h: No such file or directory
compilation terminated.
configure:7609: $? = 1
configure: failed program was:
| /* confdefs.h */
| #define PACKAGE_NAME "OpenCL ICD Loader"
| #define PACKAGE_TARNAME "ocl-icd"
| #define PACKAGE_VERSION "2.2.9"
| #define PACKAGE_STRING "OpenCL ICD Loader 2.2.9"
| #define PACKAGE_BUGREPORT "ocl-icd-devel@lists.forge.imag.fr"
| #define PACKAGE_URL ""
| #define PACKAGE "ocl-icd"
| #define VERSION "2.2.9"
| /* end confdefs.h.  */
| #include <ac_nonexistent.h>
configure:7634: result: gcc -E
configure:7654: gcc -E  conftest.c
configure:7654: $? = 0
configure:7668: gcc -E  conftest.c
conftest.c:11:28: fatal error: ac_nonexistent.h: No such file or directory
compilation terminated.
configure:7668: $? = 1
configure: failed program was:
| /* confdefs.h */
| #define PACKAGE_NAME "OpenCL ICD Loader"
| #define PACKAGE_TARNAME "ocl-icd"
| #define PACKAGE_VERSION "2.2.9"
| #define PACKAGE_STRING "OpenCL ICD Loader 2.2.9"
| #define PACKAGE_BUGREPORT "ocl-icd-devel@lists.forge.imag.fr"
| #define PACKAGE_URL ""
| #define PACKAGE "ocl-icd"
| #define VERSION "2.2.9"
| /* end confdefs.h.  */
| #include <ac_nonexistent.h>
configure:7697: checking for ANSI C header files
configure:7717: gcc -c -g -O2  conftest.c >&5
configure:7717: $? = 0
configure:7790: gcc -o conftest -g -O2   conftest.c  >&5
configure:7790: $? = 0
configure:7790: ./conftest
configure:7790: $? = 0
configure:7801: result: yes
configure:7814: checking for sys/types.h
configure:7814: gcc -c -g -O2  conftest.c >&5
configure:7814: $? = 0
configure:7814: result: yes
configure:7814: checking for sys/stat.h
configure:7814: gcc -c -g -O2  conftest.c >&5
configure:7814: $? = 0
configure:7814: result: yes
configure:7814: checking for stdlib.h
configure:7814: gcc -c -g -O2  conftest.c >&5
configure:7814: $? = 0
configure:7814: result: yes
configure:7814: checking for string.h
configure:7814: gcc -c -g -O2  conftest.c >&5
configure:7814: $? = 0
configure:7814: result: yes
configure:7814: checking for memory.h
configure:7814: gcc -c -g -O2  conftest.c >&5
configure:7814: $? = 0
configure:7814: result: yes
configure:7814: checking for strings.h
configure:7814: gcc -c -g -O2  conftest.c >&5
configure:7814: $? = 0
configure:7814: result: yes
configure:7814: checking for inttypes.h
configure:7814: gcc -c -g -O2  conftest.c >&5
configure:7814: $? = 0
configure:7814: result: yes
configure:7814: checking for stdint.h
configure:7814: gcc -c -g -O2  conftest.c >&5
configure:7814: $? = 0
configure:7814: result: yes
configure:7814: checking for unistd.h
configure:7814: gcc -c -g -O2  conftest.c >&5
configure:7814: $? = 0
configure:7814: result: yes
configure:7828: checking for dlfcn.h
configure:7828: gcc -c -g -O2  conftest.c >&5
configure:7828: $? = 0
configure:7828: result: yes
configure:8033: checking for objdir
configure:8048: result: .libs
configure:8319: checking if gcc supports -fno-rtti -fno-exceptions
configure:8337: gcc -c -g -O2  -fno-rtti -fno-exceptions conftest.c >&5
cc1: warning: command line option '-fno-rtti' is valid for C++/ObjC++ but not for C
configure:8341: $? = 0
configure:8354: result: no
configure:8681: checking for gcc option to produce PIC
configure:8688: result: -fPIC -DPIC
configure:8696: checking if gcc PIC flag -fPIC -DPIC works
configure:8714: gcc -c -g -O2  -fPIC -DPIC -DPIC conftest.c >&5
configure:8718: $? = 0
configure:8731: result: yes
configure:8760: checking if gcc static flag -static works
configure:8788: result: yes
configure:8803: checking if gcc supports -c -o file.o
configure:8824: gcc -c -g -O2  -o out/conftest2.o conftest.c >&5
configure:8828: $? = 0
configure:8850: result: yes
configure:8858: checking if gcc supports -c -o file.o
configure:8905: result: yes
configure:8938: checking whether the gcc linker (/usr/bin/ld) supports shared libraries
configure:10095: result: yes
configure:10132: checking whether -lc should be explicitly linked in
configure:10140: gcc -c -g -O2  conftest.c >&5
configure:10143: $? = 0
configure:10158: gcc -shared  -fPIC -DPIC conftest.o  -v -Wl,-soname -Wl,conftest -o conftest 2\>\&1 \| /bin/grep  -lc  \>/dev/null 2\>\&1
configure:10161: $? = 0
configure:10175: result: no
configure:10335: checking dynamic linker characteristics
configure:10835: gcc -o conftest -g -O2   -Wl,-rpath -Wl,/foo conftest.c  >&5
configure:10835: $? = 0
configure:11069: result: GNU/Linux ld.so
configure:11176: checking how to hardcode library paths into programs
configure:11201: result: immediate
configure:11741: checking whether stripping libraries is possible
configure:11746: result: yes
configure:11781: checking if libtool supports shared libraries
configure:11783: result: yes
configure:11786: checking whether to build shared libraries
configure:11807: result: yes
configure:11810: checking whether to build static libraries
configure:11814: result: no
configure:11864: checking for gcc option to accept ISO C89
configure:11940: result: none needed
configure:11956: checking whether ln -s works
configure:11960: result: yes
configure:11971: checking for asciidoc
configure:12004: result: no
configure:12011: checking for a2x
configure:12044: result: no
configure:12051: checking for xmlto
configure:12084: result: no
configure:12102: checking for dlopen in -ldl
configure:12127: gcc -o conftest -g -O2   conftest.c -ldl   >&5
configure:12127: $? = 0
configure:12136: result: yes
configure:12152: checking for stdlib.h
configure:12152: result: yes
configure:12152: checking for string.h
configure:12152: result: yes
configure:12173: checking CL/opencl.h usability
configure:12173: gcc -c -g -O2  conftest.c >&5
configure:12173: $? = 0
configure:12173: result: yes
configure:12173: checking CL/opencl.h presence
configure:12173: gcc -E  conftest.c
configure:12173: $? = 0
configure:12173: result: yes
configure:12173: checking for CL/opencl.h
configure:12173: result: yes
configure:12182: checking whether OpenCL headers 2.1 are available
configure:12206: gcc -E  conftest.c
conftest.c:35:4: error: #error Cannot find CL_VERSION_2_1 symbol
 #  error Cannot find CL_VERSION_2_1 symbol
    ^
configure:12206: $? = 1
configure: failed program was:
| /* confdefs.h */
| #define PACKAGE_NAME "OpenCL ICD Loader"
| #define PACKAGE_TARNAME "ocl-icd"
| #define PACKAGE_VERSION "2.2.9"
| #define PACKAGE_STRING "OpenCL ICD Loader 2.2.9"
| #define PACKAGE_BUGREPORT "ocl-icd-devel@lists.forge.imag.fr"
| #define PACKAGE_URL ""
| #define PACKAGE "ocl-icd"
| #define VERSION "2.2.9"
| #define STDC_HEADERS 1
| #define HAVE_SYS_TYPES_H 1
| #define HAVE_SYS_STAT_H 1
| #define HAVE_STDLIB_H 1
| #define HAVE_STRING_H 1
| #define HAVE_MEMORY_H 1
| #define HAVE_STRINGS_H 1
| #define HAVE_INTTYPES_H 1
| #define HAVE_STDINT_H 1
| #define HAVE_UNISTD_H 1
| #define HAVE_DLFCN_H 1
| #define LT_OBJDIR ".libs/"
| #define OCL_ICD_OPENCL_VERSION "2.1"
| #define HAVE_LIBDL 1
| #define HAVE_STDLIB_H 1
| #define HAVE_STRING_H 1
| /* end confdefs.h.  */
| 
| 
| #if defined(__APPLE__) || defined(__MACOSX)
| #  include <OpenCL/opencl.h>
| #else
| #  include <CL/opencl.h>
| #endif
| #ifndef CL_VERSION_2_1
| #  error Cannot find CL_VERSION_2_1 symbol
| #endif
| 
| int
| main ()
| {
| 
| 
|   ;
|   return 0;
| }
configure:12213: result: no
configure:12222: checking for inline
configure:12238: gcc -c -g -O2  conftest.c >&5
configure:12238: $? = 0
configure:12246: result: inline
configure:12264: checking for size_t
configure:12264: gcc -c -g -O2  conftest.c >&5
configure:12264: $? = 0
configure:12264: gcc -c -g -O2  conftest.c >&5
conftest.c: In function 'main':
conftest.c:63:21: error: expected expression before ')' token
 if (sizeof ((size_t)))
                     ^
configure:12264: $? = 1
configure: failed program was:
| /* confdefs.h */
| #define PACKAGE_NAME "OpenCL ICD Loader"
| #define PACKAGE_TARNAME "ocl-icd"
| #define PACKAGE_VERSION "2.2.9"
| #define PACKAGE_STRING "OpenCL ICD Loader 2.2.9"
| #define PACKAGE_BUGREPORT "ocl-icd-devel@lists.forge.imag.fr"
| #define PACKAGE_URL ""
| #define PACKAGE "ocl-icd"
| #define VERSION "2.2.9"
| #define STDC_HEADERS 1
| #define HAVE_SYS_TYPES_H 1
| #define HAVE_SYS_STAT_H 1
| #define HAVE_STDLIB_H 1
| #define HAVE_STRING_H 1
| #define HAVE_MEMORY_H 1
| #define HAVE_STRINGS_H 1
| #define HAVE_INTTYPES_H 1
| #define HAVE_STDINT_H 1
| #define HAVE_UNISTD_H 1
| #define HAVE_DLFCN_H 1
| #define LT_OBJDIR ".libs/"
| #define OCL_ICD_OPENCL_VERSION "2.1"
| #define HAVE_LIBDL 1
| #define HAVE_STDLIB_H 1
| #define HAVE_STRING_H 1
| /* end confdefs.h.  */
| #include <stdio.h>
| #ifdef HAVE_SYS_TYPES_H
| # include <sys/types.h>
| #endif
| #ifdef HAVE_SYS_STAT_H
| # include <sys/stat.h>
| #endif
| #ifdef STDC_HEADERS
| # include <stdlib.h>
| # include <stddef.h>
| #else
| # ifdef HAVE_STDLIB_H
| #  include <stdlib.h>
| # endif
| #endif
| #ifdef HAVE_STRING_H
| # if !defined STDC_HEADERS && defined HAVE_MEMORY_H
| #  include <memory.h>
| # endif
| # include <string.h>
| #endif
| #ifdef HAVE_STRINGS_H
| # include <strings.h>
| #endif
| #ifdef HAVE_INTTYPES_H
| # include <inttypes.h>
| #endif
| #ifdef HAVE_STDINT_H
| # include <stdint.h>
| #endif
| #ifdef HAVE_UNISTD_H
| # include <unistd.h>
| #endif
| int
| main ()
| {
| if (sizeof ((size_t)))
| 	    return 0;
|   ;
|   return 0;
| }
configure:12264: result: yes
configure:12275: checking for an ANSI C-conforming const
configure:12341: gcc -c -g -O2  conftest.c >&5
configure:12341: $? = 0
configure:12348: result: yes
configure:12358: checking whether C compiler accepts -Wno-deprecated-declarations
configure:12377: gcc -c -Wno-deprecated-declarations  conftest.c >&5
configure:12377: $? = 0
configure:12387: result: yes
configure:12400: checking for stdlib.h
configure:12400: result: yes
configure:12410: checking for GNU libc compatible malloc
configure:12434: gcc -o conftest -g -O2   conftest.c -ldl  >&5
configure:12434: $? = 0
configure:12434: ./conftest
configure:12434: $? = 0
configure:12444: result: yes
configure:12467: checking for stdlib.h
configure:12467: result: yes
configure:12477: checking for GNU libc compatible realloc
configure:12501: gcc -o conftest -g -O2   conftest.c -ldl  >&5
configure:12501: $? = 0
configure:12501: ./conftest
configure:12501: $? = 0
configure:12511: result: yes
configure:12534: checking for strstr
configure:12534: gcc -o conftest -g -O2   conftest.c -ldl  >&5
conftest.c:54:6: warning: conflicting types for built-in function 'strstr'
 char strstr ();
      ^
configure:12534: $? = 0
configure:12534: result: yes
configure:12983: using internal copy of OpenCL headers
configure:13141: checking that generated files are newer than configure
configure:13147: result: done
configure:13182: creating ./config.status

## ---------------------- ##
## Running config.status. ##
## ---------------------- ##

This file was extended by OpenCL ICD Loader config.status 2.2.9, which was
generated by GNU Autoconf 2.69.  Invocation command line was

  CONFIG_FILES    = 
  CONFIG_HEADERS  = 
  CONFIG_LINKS    = 
  CONFIG_COMMANDS = 
  $ ./config.status 

on odroid

config.status:1114: creating Makefile
config.status:1114: creating doc/Makefile
config.status:1114: creating tests/Makefile
config.status:1114: creating OpenCL.pc
config.status:1114: creating ocl-icd.pc
config.status:1114: creating tests/atlocal
config.status:1114: creating config.h
config.status:1328: executing depfiles commands
config.status:1328: executing libtool commands
config.status:1328: executing tests/atconfig commands

## ---------------- ##
## Cache variables. ##
## ---------------- ##

ac_cv_build=armv7l-unknown-linux-gnueabihf
ac_cv_c_compiler_gnu=yes
ac_cv_c_const=yes
ac_cv_c_inline=inline
ac_cv_env_CC_set=
ac_cv_env_CC_value=
ac_cv_env_CFLAGS_set=
ac_cv_env_CFLAGS_value=
ac_cv_env_CPPFLAGS_set=
ac_cv_env_CPPFLAGS_value=
ac_cv_env_CPP_set=
ac_cv_env_CPP_value=
ac_cv_env_LDFLAGS_set=
ac_cv_env_LDFLAGS_value=
ac_cv_env_LIBS_set=
ac_cv_env_LIBS_value=
ac_cv_env_build_alias_set=
ac_cv_env_build_alias_value=
ac_cv_env_host_alias_set=
ac_cv_env_host_alias_value=
ac_cv_env_target_alias_set=
ac_cv_env_target_alias_value=
ac_cv_func_malloc_0_nonnull=yes
ac_cv_func_realloc_0_nonnull=yes
ac_cv_func_strstr=yes
ac_cv_header_CL_opencl_h=yes
ac_cv_header_dlfcn_h=yes
ac_cv_header_inttypes_h=yes
ac_cv_header_memory_h=yes
ac_cv_header_stdc=yes
ac_cv_header_stdint_h=yes
ac_cv_header_stdlib_h=yes
ac_cv_header_string_h=yes
ac_cv_header_strings_h=yes
ac_cv_header_sys_stat_h=yes
ac_cv_header_sys_types_h=yes
ac_cv_header_unistd_h=yes
ac_cv_host=armv7l-unknown-linux-gnueabihf
ac_cv_lib_dl_dlopen=yes
ac_cv_objext=o
ac_cv_path_EGREP='/bin/grep -E'
ac_cv_path_FGREP='/bin/grep -F'
ac_cv_path_GREP=/bin/grep
ac_cv_path_SED=/bin/sed
ac_cv_path_install='/usr/bin/install -c'
ac_cv_path_mkdir=/bin/mkdir
ac_cv_prog_AWK=gawk
ac_cv_prog_CPP='gcc -E'
ac_cv_prog_ac_ct_AR=ar
ac_cv_prog_ac_ct_CC=gcc
ac_cv_prog_ac_ct_MANIFEST_TOOL=mt
ac_cv_prog_ac_ct_OBJDUMP=objdump
ac_cv_prog_ac_ct_RANLIB=ranlib
ac_cv_prog_ac_ct_STRIP=strip
ac_cv_prog_cc_c89=
ac_cv_prog_cc_g=yes
ac_cv_prog_make_make_set=yes
ac_cv_type_size_t=yes
am_cv_CC_dependencies_compiler_type=gcc3
am_cv_ar_interface=ar
am_cv_make_support_nested_variables=yes
am_cv_prog_cc_c_o=yes
am_cv_prog_tar_pax=gnutar
ax_cv_c_flags__Wno_deprecated_declarations=yes
lt_cv_ar_at_file=@
lt_cv_archive_cmds_need_lc=no
lt_cv_deplibs_check_method=pass_all
lt_cv_file_magic_cmd='$MAGIC_CMD'
lt_cv_file_magic_test_file=
lt_cv_ld_reload_flag=-r
lt_cv_nm_interface='BSD nm'
lt_cv_objdir=.libs
lt_cv_path_LD=/usr/bin/ld
lt_cv_path_NM='/usr/bin/nm -B'
lt_cv_path_mainfest_tool=no
lt_cv_prog_compiler_c_o=yes
lt_cv_prog_compiler_pic='-fPIC -DPIC'
lt_cv_prog_compiler_pic_works=yes
lt_cv_prog_compiler_rtti_exceptions=no
lt_cv_prog_compiler_static_works=yes
lt_cv_prog_gnu_ld=yes
lt_cv_sharedlib_from_linklib_cmd='printf %s\n'
lt_cv_shlibpath_overrides_runpath=no
lt_cv_sys_global_symbol_pipe='sed -n -e '\''s/^.*[	 ]\([ABCDGIRSTW][ABCDGIRSTW]*\)[	 ][	 ]*\([_A-Za-z][_A-Za-z0-9]*\)$/\1 \2 \2/p'\'' | sed '\''/ __gnu_lto/d'\'''
lt_cv_sys_global_symbol_to_c_name_address='sed -n -e '\''s/^: \([^ ]*\)[ ]*$/  {\"\1\", (void *) 0},/p'\'' -e '\''s/^[ABCDGIRSTW]* \([^ ]*\) \([^ ]*\)$/  {"\2", (void *) \&\2},/p'\'''
lt_cv_sys_global_symbol_to_c_name_address_lib_prefix='sed -n -e '\''s/^: \([^ ]*\)[ ]*$/  {\"\1\", (void *) 0},/p'\'' -e '\''s/^[ABCDGIRSTW]* \([^ ]*\) \(lib[^ ]*\)$/  {"\2", (void *) \&\2},/p'\'' -e '\''s/^[ABCDGIRSTW]* \([^ ]*\) \([^ ]*\)$/  {"lib\2", (void *) \&\2},/p'\'''
lt_cv_sys_global_symbol_to_cdecl='sed -n -e '\''s/^T .* \(.*\)$/extern int \1();/p'\'' -e '\''s/^[ABCDGIRSTW]* .* \(.*\)$/extern char \1;/p'\'''
lt_cv_sys_max_cmd_len=1572864
lt_cv_to_host_file_cmd=func_convert_file_noop
lt_cv_to_tool_file_cmd=func_convert_file_noop

## ----------------- ##
## Output variables. ##
## ----------------- ##

A2X=''
ACLOCAL='${SHELL} /root/enpower/pocl/ocl-icd/ocl-icd-2.2.9/build-aux/missing aclocal-1.15'
AMDEPBACKSLASH='\'
AMDEP_FALSE='#'
AMDEP_TRUE=''
AMTAR='$${TAR-tar}'
AM_BACKSLASH='\'
AM_CPPFLAGS=' -I${abs_top_srcdir}/khronos-headers'
AM_DEFAULT_V='$(AM_DEFAULT_VERBOSITY)'
AM_DEFAULT_VERBOSITY='1'
AM_V='$(V)'
AR='ar'
ASCIIDOC=''
AUTOCONF='${SHELL} /root/enpower/pocl/ocl-icd/ocl-icd-2.2.9/build-aux/missing autoconf'
AUTOHEADER='${SHELL} /root/enpower/pocl/ocl-icd/ocl-icd-2.2.9/build-aux/missing autoheader'
AUTOMAKE='${SHELL} /root/enpower/pocl/ocl-icd/ocl-icd-2.2.9/build-aux/missing automake-1.15'
AWK='gawk'
CC='gcc'
CCDEPMODE='depmode=gcc3'
CFLAGS='-g -O2'
CPP='gcc -E'
CPPFLAGS=''
CYGPATH_W='echo'
DEFS='-DHAVE_CONFIG_H'
DEPDIR='.deps'
DLLTOOL='false'
DSYMUTIL=''
DUMPBIN=''
ECHO_C=''
ECHO_N='-n'
ECHO_T=''
EGREP='/bin/grep -E'
EXEEXT=''
FGREP='/bin/grep -F'
GEN_DOC_FALSE=''
GEN_DOC_TRUE='#'
GREP='/bin/grep'
INSTALL_DATA='${INSTALL} -m 644'
INSTALL_PROGRAM='${INSTALL}'
INSTALL_SCRIPT='${INSTALL}'
INSTALL_STRIP_PROGRAM='$(install_sh) -c -s'
LD='/usr/bin/ld'
LDFLAGS=''
LIBOBJS=''
LIBS='-ldl '
LIBTOOL='$(SHELL) $(top_builddir)/libtool'
LIPO=''
LN_S='ln -s'
LTLIBOBJS=''
MAKEINFO='${SHELL} /root/enpower/pocl/ocl-icd/ocl-icd-2.2.9/build-aux/missing makeinfo'
MANIFEST_TOOL=':'
MKDIR_P='/bin/mkdir -p'
NM='/usr/bin/nm -B'
NMEDIT=''
NO_DEPRECATED_DECLARATIONS_FLAGS='-Wno-deprecated-declarations'
OBJDUMP='objdump'
OBJEXT='o'
OPENCL_VERSION='2.1'
OTOOL64=''
OTOOL=''
PACKAGE='ocl-icd'
PACKAGE_BUGREPORT='ocl-icd-devel@lists.forge.imag.fr'
PACKAGE_NAME='OpenCL ICD Loader'
PACKAGE_STRING='OpenCL ICD Loader 2.2.9'
PACKAGE_TARNAME='ocl-icd'
PACKAGE_URL=''
PACKAGE_VERSION='2.2.9'
PATH_SEPARATOR=':'
PTHREAD_CC=''
PTHREAD_CFLAGS=''
PTHREAD_LIBS=''
RANLIB='ranlib'
SED='/bin/sed'
SET_MAKE=''
SHELL='/bin/bash'
STRIP='strip'
UPDATE_DATABASE_FALSE=''
UPDATE_DATABASE_TRUE='#'
USE_MAP_FALSE='#'
USE_MAP_TRUE=''
VERSION='2.2.9'
XMLTO=''
ac_ct_AR='ar'
ac_ct_CC='gcc'
ac_ct_DUMPBIN=''
am__EXEEXT_FALSE=''
am__EXEEXT_TRUE='#'
am__fastdepCC_FALSE='#'
am__fastdepCC_TRUE=''
am__include='include'
am__isrc=' -I$(srcdir)'
am__leading_dot='.'
am__nodep='_no'
am__quote=''
am__tar='tar --format=posix -chf - "$$tardir"'
am__untar='tar -xf -'
ax_pthread_config=''
bindir='${exec_prefix}/bin'
build='armv7l-unknown-linux-gnueabihf'
build_alias=''
build_cpu='armv7l'
build_os='linux-gnueabihf'
build_vendor='unknown'
datadir='${datarootdir}'
datarootdir='${prefix}/share'
docdir='${datarootdir}/doc/${PACKAGE_TARNAME}'
dvidir='${docdir}'
exec_prefix='${prefix}'
host='armv7l-unknown-linux-gnueabihf'
host_alias=''
host_cpu='armv7l'
host_os='linux-gnueabihf'
host_vendor='unknown'
htmldir='${docdir}'
includedir='${prefix}/include'
infodir='${datarootdir}/info'
install_sh='${SHELL} /root/enpower/pocl/ocl-icd/ocl-icd-2.2.9/build-aux/install-sh'
libdir='${exec_prefix}/lib'
libexecdir='${exec_prefix}/libexec'
localedir='${datarootdir}/locale'
localstatedir='${prefix}/var'
mandir='${datarootdir}/man'
mkdir_p='$(MKDIR_P)'
oldincludedir='/usr/include'
pdfdir='${docdir}'
prefix='/root/enpower/pocl/ocl-icd/ocl-icd-2.2.9/install'
program_transform_name='s,x,x,'
psdir='${docdir}'
runstatedir='${localstatedir}/run'
sbindir='${exec_prefix}/sbin'
sharedstatedir='${prefix}/com'
sysconfdir='${prefix}/etc'
target_alias=''

## ----------- ##
## confdefs.h. ##
## ----------- ##

/* confdefs.h */
#define PACKAGE_NAME "OpenCL ICD Loader"
#define PACKAGE_TARNAME "ocl-icd"
#define PACKAGE_VERSION "2.2.9"
#define PACKAGE_STRING "OpenCL ICD Loader 2.2.9"
#define PACKAGE_BUGREPORT "ocl-icd-devel@lists.forge.imag.fr"
#define PACKAGE_URL ""
#define PACKAGE "ocl-icd"
#define VERSION "2.2.9"
#define STDC_HEADERS 1
#define HAVE_SYS_TYPES_H 1
#define HAVE_SYS_STAT_H 1
#define HAVE_STDLIB_H 1
#define HAVE_STRING_H 1
#define HAVE_MEMORY_H 1
#define HAVE_STRINGS_H 1
#define HAVE_INTTYPES_H 1
#define HAVE_STDINT_H 1
#define HAVE_UNISTD_H 1
#define HAVE_DLFCN_H 1
#define LT_OBJDIR ".libs/"
#define OCL_ICD_OPENCL_VERSION "2.1"
#define HAVE_LIBDL 1
#define HAVE_STDLIB_H 1
#define HAVE_STRING_H 1
#define HAVE_STDLIB_H 1
#define HAVE_MALLOC 1
#define HAVE_STDLIB_H 1
#define HAVE_REALLOC 1
#define HAVE_STRSTR 1
#define DEBUG_OCL_ICD 1

configure: exit 0
